[2021-08-09 00:15:50] local.ERROR: SQLSTATE[23000]: Integrity constraint violation: 1062 Duplicate entry 'webturiscabos@gmail.com' for key 'users_email_unique' (SQL: insert into `users` (`name`, `email`, `email_verified_at`, `password`, `role`, `remember_token`, `updated_at`, `created_at`) values (user, webturiscabos@gmail.com, 2021-08-09 00:15:49, $2y$10$92IXUNpkjO0rOQ5byMi.Ye4oKoEa3Ro9llC/.og/at2.uheWG/igi, admin, 1GDWp28Nvf, 2021-08-09 00:15:49, 2021-08-09 00:15:49)) {"exception":"[object] (Illuminate\\Database\\QueryException(code: 23000): SQLSTATE[23000]: Integrity constraint violation: 1062 Duplicate entry 'webturiscabos@gmail.com' for key 'users_email_unique' (SQL: insert into `users` (`name`, `email`, `email_verified_at`, `password`, `role`, `remember_token`, `updated_at`, `created_at`) values (user, webturiscabos@gmail.com, 2021-08-09 00:15:49, $2y$10$92IXUNpkjO0rOQ5byMi.Ye4oKoEa3Ro9llC/.og/at2.uheWG/igi, admin, 1GDWp28Nvf, 2021-08-09 00:15:49, 2021-08-09 00:15:49)) at /mnt/c/laragon/www/turiscabos/vendor/laravel/framework/src/Illuminate/Database/Connection.php:692)
[stacktrace]
#0 /mnt/c/laragon/www/turiscabos/vendor/laravel/framework/src/Illuminate/Database/Connection.php(652): Illuminate\\Database\\Connection->runQueryCallback()
#1 /mnt/c/laragon/www/turiscabos/vendor/laravel/framework/src/Illuminate/Database/Connection.php(486): Illuminate\\Database\\Connection->run()
#2 /mnt/c/laragon/www/turiscabos/vendor/laravel/framework/src/Illuminate/Database/Connection.php(438): Illuminate\\Database\\Connection->statement()
#3 /mnt/c/laragon/www/turiscabos/vendor/laravel/framework/src/Illuminate/Database/Query/Processors/Processor.php(32): Illuminate\\Database\\Connection->insert()
#4 /mnt/c/laragon/www/turiscabos/vendor/laravel/framework/src/Illuminate/Database/Query/Builder.php(2997): Illuminate\\Database\\Query\\Processors\\Processor->processInsertGetId()
#5 /mnt/c/laragon/www/turiscabos/vendor/laravel/framework/src/Illuminate/Database/Eloquent/Builder.php(1650): Illuminate\\Database\\Query\\Builder->insertGetId()
#6 /mnt/c/laragon/www/turiscabos/vendor/laravel/framework/src/Illuminate/Database/Eloquent/Model.php(1124): Illuminate\\Database\\Eloquent\\Builder->__call()
#7 /mnt/c/laragon/www/turiscabos/vendor/laravel/framework/src/Illuminate/Database/Eloquent/Model.php(1089): Illuminate\\Database\\Eloquent\\Model->insertAndSetId()
#8 /mnt/c/laragon/www/turiscabos/vendor/laravel/framework/src/Illuminate/Database/Eloquent/Model.php(930): Illuminate\\Database\\Eloquent\\Model->performInsert()
#9 /mnt/c/laragon/www/turiscabos/vendor/laravel/framework/src/Illuminate/Database/Eloquent/Factories/Factory.php(275): Illuminate\\Database\\Eloquent\\Model->save()
#10 /mnt/c/laragon/www/turiscabos/vendor/laravel/framework/src/Illuminate/Collections/Traits/EnumeratesValues.php(235): Illuminate\\Database\\Eloquent\\Factories\\Factory->Illuminate\\Database\\Eloquent\\Factories\\{closure}()
#11 /mnt/c/laragon/www/turiscabos/vendor/laravel/framework/src/Illuminate/Database/Eloquent/Factories/Factory.php(278): Illuminate\\Support\\Collection->each()
#12 /mnt/c/laragon/www/turiscabos/vendor/laravel/framework/src/Illuminate/Database/Eloquent/Factories/Factory.php(236): Illuminate\\Database\\Eloquent\\Factories\\Factory->store()
#13 /mnt/c/laragon/www/turiscabos/vendor/laravel/framework/src/Illuminate/Database/Eloquent/Factories/Factory.php(230): Illuminate\\Database\\Eloquent\\Factories\\Factory->create()
#14 /mnt/c/laragon/www/turiscabos/database/seeders/DatabaseSeeder.php(23): Illuminate\\Database\\Eloquent\\Factories\\Factory->create()
#15 /mnt/c/laragon/www/turiscabos/vendor/laravel/framework/src/Illuminate/Container/BoundMethod.php(36): Database\\Seeders\\DatabaseSeeder->run()
#16 /mnt/c/laragon/www/turiscabos/vendor/laravel/framework/src/Illuminate/Container/Util.php(40): Illuminate\\Container\\BoundMethod::Illuminate\\Container\\{closure}()
#17 /mnt/c/laragon/www/turiscabos/vendor/laravel/framework/src/Illuminate/Container/BoundMethod.php(93): Illuminate\\Container\\Util::unwrapIfClosure()
#18 /mnt/c/laragon/www/turiscabos/vendor/laravel/framework/src/Illuminate/Container/BoundMethod.php(37): Illuminate\\Container\\BoundMethod::callBoundMethod()
#19 /mnt/c/laragon/www/turiscabos/vendor/laravel/framework/src/Illuminate/Container/Container.php(651): Illuminate\\Container\\BoundMethod::call()
#20 /mnt/c/laragon/www/turiscabos/vendor/laravel/framework/src/Illuminate/Database/Seeder.php(149): Illuminate\\Container\\Container->call()
#21 /mnt/c/laragon/www/turiscabos/vendor/laravel/framework/src/Illuminate/Database/Console/Seeds/SeedCommand.php(66): Illuminate\\Database\\Seeder->__invoke()
#22 /mnt/c/laragon/www/turiscabos/vendor/laravel/framework/src/Illuminate/Database/Eloquent/Concerns/GuardsAttributes.php(157): Illuminate\\Database\\Console\\Seeds\\SeedCommand->Illuminate\\Database\\Console\\Seeds\\{closure}()
#23 /mnt/c/laragon/www/turiscabos/vendor/laravel/framework/src/Illuminate/Database/Console/Seeds/SeedCommand.php(67): Illuminate\\Database\\Eloquent\\Model::unguarded()
#24 /mnt/c/laragon/www/turiscabos/vendor/laravel/framework/src/Illuminate/Container/BoundMethod.php(36): Illuminate\\Database\\Console\\Seeds\\SeedCommand->handle()
#25 /mnt/c/laragon/www/turiscabos/vendor/laravel/framework/src/Illuminate/Container/Util.php(40): Illuminate\\Container\\BoundMethod::Illuminate\\Container\\{closure}()
#26 /mnt/c/laragon/www/turiscabos/vendor/laravel/framework/src/Illuminate/Container/BoundMethod.php(93): Illuminate\\Container\\Util::unwrapIfClosure()
#27 /mnt/c/laragon/www/turiscabos/vendor/laravel/framework/src/Illuminate/Container/BoundMethod.php(37): Illuminate\\Container\\BoundMethod::callBoundMethod()
#28 /mnt/c/laragon/www/turiscabos/vendor/laravel/framework/src/Illuminate/Container/Container.php(651): Illuminate\\Container\\BoundMethod::call()
#29 /mnt/c/laragon/www/turiscabos/vendor/laravel/framework/src/Illuminate/Console/Command.php(136): Illuminate\\Container\\Container->call()
#30 /mnt/c/laragon/www/turiscabos/vendor/symfony/console/Command/Command.php(299): Illuminate\\Console\\Command->execute()
#31 /mnt/c/laragon/www/turiscabos/vendor/laravel/framework/src/Illuminate/Console/Command.php(121): Symfony\\Component\\Console\\Command\\Command->run()
#32 /mnt/c/laragon/www/turiscabos/vendor/symfony/console/Application.php(978): Illuminate\\Console\\Command->run()
#33 /mnt/c/laragon/www/turiscabos/vendor/symfony/console/Application.php(295): Symfony\\Component\\Console\\Application->doRunCommand()
#34 /mnt/c/laragon/www/turiscabos/vendor/symfony/console/Application.php(167): Symfony\\Component\\Console\\Application->doRun()
#35 /mnt/c/laragon/www/turiscabos/vendor/laravel/framework/src/Illuminate/Console/Application.php(92): Symfony\\Component\\Console\\Application->run()
#36 /mnt/c/laragon/www/turiscabos/vendor/laravel/framework/src/Illuminate/Foundation/Console/Kernel.php(129): Illuminate\\Console\\Application->run()
#37 /mnt/c/laragon/www/turiscabos/artisan(37): Illuminate\\Foundation\\Console\\Kernel->handle()
#38 {main}

[previous exception] [object] (PDOException(code: 23000): SQLSTATE[23000]: Integrity constraint violation: 1062 Duplicate entry 'webturiscabos@gmail.com' for key 'users_email_unique' at /mnt/c/laragon/www/turiscabos/vendor/laravel/framework/src/Illuminate/Database/Connection.php:485)
[stacktrace]
#0 /mnt/c/laragon/www/turiscabos/vendor/laravel/framework/src/Illuminate/Database/Connection.php(485): PDOStatement->execute()
#1 /mnt/c/laragon/www/turiscabos/vendor/laravel/framework/src/Illuminate/Database/Connection.php(685): Illuminate\\Database\\Connection->Illuminate\\Database\\{closure}()
#2 /mnt/c/laragon/www/turiscabos/vendor/laravel/framework/src/Illuminate/Database/Connection.php(652): Illuminate\\Database\\Connection->runQueryCallback()
#3 /mnt/c/laragon/www/turiscabos/vendor/laravel/framework/src/Illuminate/Database/Connection.php(486): Illuminate\\Database\\Connection->run()
#4 /mnt/c/laragon/www/turiscabos/vendor/laravel/framework/src/Illuminate/Database/Connection.php(438): Illuminate\\Database\\Connection->statement()
#5 /mnt/c/laragon/www/turiscabos/vendor/laravel/framework/src/Illuminate/Database/Query/Processors/Processor.php(32): Illuminate\\Database\\Connection->insert()
#6 /mnt/c/laragon/www/turiscabos/vendor/laravel/framework/src/Illuminate/Database/Query/Builder.php(2997): Illuminate\\Database\\Query\\Processors\\Processor->processInsertGetId()
#7 /mnt/c/laragon/www/turiscabos/vendor/laravel/framework/src/Illuminate/Database/Eloquent/Builder.php(1650): Illuminate\\Database\\Query\\Builder->insertGetId()
#8 /mnt/c/laragon/www/turiscabos/vendor/laravel/framework/src/Illuminate/Database/Eloquent/Model.php(1124): Illuminate\\Database\\Eloquent\\Builder->__call()
#9 /mnt/c/laragon/www/turiscabos/vendor/laravel/framework/src/Illuminate/Database/Eloquent/Model.php(1089): Illuminate\\Database\\Eloquent\\Model->insertAndSetId()
#10 /mnt/c/laragon/www/turiscabos/vendor/laravel/framework/src/Illuminate/Database/Eloquent/Model.php(930): Illuminate\\Database\\Eloquent\\Model->performInsert()
#11 /mnt/c/laragon/www/turiscabos/vendor/laravel/framework/src/Illuminate/Database/Eloquent/Factories/Factory.php(275): Illuminate\\Database\\Eloquent\\Model->save()
#12 /mnt/c/laragon/www/turiscabos/vendor/laravel/framework/src/Illuminate/Collections/Traits/EnumeratesValues.php(235): Illuminate\\Database\\Eloquent\\Factories\\Factory->Illuminate\\Database\\Eloquent\\Factories\\{closure}()
#13 /mnt/c/laragon/www/turiscabos/vendor/laravel/framework/src/Illuminate/Database/Eloquent/Factories/Factory.php(278): Illuminate\\Support\\Collection->each()
#14 /mnt/c/laragon/www/turiscabos/vendor/laravel/framework/src/Illuminate/Database/Eloquent/Factories/Factory.php(236): Illuminate\\Database\\Eloquent\\Factories\\Factory->store()
#15 /mnt/c/laragon/www/turiscabos/vendor/laravel/framework/src/Illuminate/Database/Eloquent/Factories/Factory.php(230): Illuminate\\Database\\Eloquent\\Factories\\Factory->create()
#16 /mnt/c/laragon/www/turiscabos/database/seeders/DatabaseSeeder.php(23): Illuminate\\Database\\Eloquent\\Factories\\Factory->create()
#17 /mnt/c/laragon/www/turiscabos/vendor/laravel/framework/src/Illuminate/Container/BoundMethod.php(36): Database\\Seeders\\DatabaseSeeder->run()
#18 /mnt/c/laragon/www/turiscabos/vendor/laravel/framework/src/Illuminate/Container/Util.php(40): Illuminate\\Container\\BoundMethod::Illuminate\\Container\\{closure}()
#19 /mnt/c/laragon/www/turiscabos/vendor/laravel/framework/src/Illuminate/Container/BoundMethod.php(93): Illuminate\\Container\\Util::unwrapIfClosure()
#20 /mnt/c/laragon/www/turiscabos/vendor/laravel/framework/src/Illuminate/Container/BoundMethod.php(37): Illuminate\\Container\\BoundMethod::callBoundMethod()
#21 /mnt/c/laragon/www/turiscabos/vendor/laravel/framework/src/Illuminate/Container/Container.php(651): Illuminate\\Container\\BoundMethod::call()
#22 /mnt/c/laragon/www/turiscabos/vendor/laravel/framework/src/Illuminate/Database/Seeder.php(149): Illuminate\\Container\\Container->call()
#23 /mnt/c/laragon/www/turiscabos/vendor/laravel/framework/src/Illuminate/Database/Console/Seeds/SeedCommand.php(66): Illuminate\\Database\\Seeder->__invoke()
#24 /mnt/c/laragon/www/turiscabos/vendor/laravel/framework/src/Illuminate/Database/Eloquent/Concerns/GuardsAttributes.php(157): Illuminate\\Database\\Console\\Seeds\\SeedCommand->Illuminate\\Database\\Console\\Seeds\\{closure}()
#25 /mnt/c/laragon/www/turiscabos/vendor/laravel/framework/src/Illuminate/Database/Console/Seeds/SeedCommand.php(67): Illuminate\\Database\\Eloquent\\Model::unguarded()
#26 /mnt/c/laragon/www/turiscabos/vendor/laravel/framework/src/Illuminate/Container/BoundMethod.php(36): Illuminate\\Database\\Console\\Seeds\\SeedCommand->handle()
#27 /mnt/c/laragon/www/turiscabos/vendor/laravel/framework/src/Illuminate/Container/Util.php(40): Illuminate\\Container\\BoundMethod::Illuminate\\Container\\{closure}()
#28 /mnt/c/laragon/www/turiscabos/vendor/laravel/framework/src/Illuminate/Container/BoundMethod.php(93): Illuminate\\Container\\Util::unwrapIfClosure()
#29 /mnt/c/laragon/www/turiscabos/vendor/laravel/framework/src/Illuminate/Container/BoundMethod.php(37): Illuminate\\Container\\BoundMethod::callBoundMethod()
#30 /mnt/c/laragon/www/turiscabos/vendor/laravel/framework/src/Illuminate/Container/Container.php(651): Illuminate\\Container\\BoundMethod::call()
#31 /mnt/c/laragon/www/turiscabos/vendor/laravel/framework/src/Illuminate/Console/Command.php(136): Illuminate\\Container\\Container->call()
#32 /mnt/c/laragon/www/turiscabos/vendor/symfony/console/Command/Command.php(299): Illuminate\\Console\\Command->execute()
#33 /mnt/c/laragon/www/turiscabos/vendor/laravel/framework/src/Illuminate/Console/Command.php(121): Symfony\\Component\\Console\\Command\\Command->run()
#34 /mnt/c/laragon/www/turiscabos/vendor/symfony/console/Application.php(978): Illuminate\\Console\\Command->run()
#35 /mnt/c/laragon/www/turiscabos/vendor/symfony/console/Application.php(295): Symfony\\Component\\Console\\Application->doRunCommand()
#36 /mnt/c/laragon/www/turiscabos/vendor/symfony/console/Application.php(167): Symfony\\Component\\Console\\Application->doRun()
#37 /mnt/c/laragon/www/turiscabos/vendor/laravel/framework/src/Illuminate/Console/Application.php(92): Symfony\\Component\\Console\\Application->run()
#38 /mnt/c/laragon/www/turiscabos/vendor/laravel/framework/src/Illuminate/Foundation/Console/Kernel.php(129): Illuminate\\Console\\Application->run()
#39 /mnt/c/laragon/www/turiscabos/artisan(37): Illuminate\\Foundation\\Console\\Kernel->handle()
#40 {main}
"} 
[2021-08-11 23:29:34] local.ERROR: The "C:\laragon\www\turiscabos\resources\views" directory does not exist. {"exception":"[object] (Symfony\\Component\\Finder\\Exception\\DirectoryNotFoundException(code: 0): The \"C:\\laragon\\www\\turiscabos\esources\\views\" directory does not exist. at /mnt/c/laragon/www/turiscabos/vendor/symfony/finder/Finder.php:590)
[stacktrace]
#0 /mnt/c/laragon/www/turiscabos/vendor/laravel/framework/src/Illuminate/Foundation/Console/ViewCacheCommand.php(67): Symfony\\Component\\Finder\\Finder->in()
#1 /mnt/c/laragon/www/turiscabos/vendor/laravel/framework/src/Illuminate/Foundation/Console/ViewCacheCommand.php(36): Illuminate\\Foundation\\Console\\ViewCacheCommand->bladeFilesIn()
#2 /mnt/c/laragon/www/turiscabos/vendor/laravel/framework/src/Illuminate/Collections/Traits/EnumeratesValues.php(235): Illuminate\\Foundation\\Console\\ViewCacheCommand->Illuminate\\Foundation\\Console\\{closure}()
#3 /mnt/c/laragon/www/turiscabos/vendor/laravel/framework/src/Illuminate/Foundation/Console/ViewCacheCommand.php(37): Illuminate\\Support\\Collection->each()
#4 /mnt/c/laragon/www/turiscabos/vendor/laravel/framework/src/Illuminate/Container/BoundMethod.php(36): Illuminate\\Foundation\\Console\\ViewCacheCommand->handle()
#5 /mnt/c/laragon/www/turiscabos/vendor/laravel/framework/src/Illuminate/Container/Util.php(40): Illuminate\\Container\\BoundMethod::Illuminate\\Container\\{closure}()
#6 /mnt/c/laragon/www/turiscabos/vendor/laravel/framework/src/Illuminate/Container/BoundMethod.php(93): Illuminate\\Container\\Util::unwrapIfClosure()
#7 /mnt/c/laragon/www/turiscabos/vendor/laravel/framework/src/Illuminate/Container/BoundMethod.php(37): Illuminate\\Container\\BoundMethod::callBoundMethod()
#8 /mnt/c/laragon/www/turiscabos/vendor/laravel/framework/src/Illuminate/Container/Container.php(651): Illuminate\\Container\\BoundMethod::call()
#9 /mnt/c/laragon/www/turiscabos/vendor/laravel/framework/src/Illuminate/Console/Command.php(136): Illuminate\\Container\\Container->call()
#10 /mnt/c/laragon/www/turiscabos/vendor/symfony/console/Command/Command.php(299): Illuminate\\Console\\Command->execute()
#11 /mnt/c/laragon/www/turiscabos/vendor/laravel/framework/src/Illuminate/Console/Command.php(121): Symfony\\Component\\Console\\Command\\Command->run()
#12 /mnt/c/laragon/www/turiscabos/vendor/symfony/console/Application.php(978): Illuminate\\Console\\Command->run()
#13 /mnt/c/laragon/www/turiscabos/vendor/symfony/console/Application.php(295): Symfony\\Component\\Console\\Application->doRunCommand()
#14 /mnt/c/laragon/www/turiscabos/vendor/symfony/console/Application.php(167): Symfony\\Component\\Console\\Application->doRun()
#15 /mnt/c/laragon/www/turiscabos/vendor/laravel/framework/src/Illuminate/Console/Application.php(92): Symfony\\Component\\Console\\Application->run()
#16 /mnt/c/laragon/www/turiscabos/vendor/laravel/framework/src/Illuminate/Foundation/Console/Kernel.php(129): Illuminate\\Console\\Application->run()
#17 /mnt/c/laragon/www/turiscabos/artisan(37): Illuminate\\Foundation\\Console\\Kernel->handle()
#18 {main}
"} 
[2021-08-17 03:08:50] local.ERROR: There are no commands defined in the "bd" namespace. {"exception":"[object] (Symfony\\Component\\Console\\Exception\\NamespaceNotFoundException(code: 0): There are no commands defined in the \"bd\" namespace. at /mnt/c/laragon/www/turiscabos/vendor/symfony/console/Application.php:612)
[stacktrace]
#0 /mnt/c/laragon/www/turiscabos/vendor/symfony/console/Application.php(663): Symfony\\Component\\Console\\Application->findNamespace()
#1 /mnt/c/laragon/www/turiscabos/vendor/symfony/console/Application.php(255): Symfony\\Component\\Console\\Application->find()
#2 /mnt/c/laragon/www/turiscabos/vendor/symfony/console/Application.php(167): Symfony\\Component\\Console\\Application->doRun()
#3 /mnt/c/laragon/www/turiscabos/vendor/laravel/framework/src/Illuminate/Console/Application.php(92): Symfony\\Component\\Console\\Application->run()
#4 /mnt/c/laragon/www/turiscabos/vendor/laravel/framework/src/Illuminate/Foundation/Console/Kernel.php(129): Illuminate\\Console\\Application->run()
#5 /mnt/c/laragon/www/turiscabos/artisan(37): Illuminate\\Foundation\\Console\\Kernel->handle()
#6 {main}
"} 
[2021-08-22 01:01:44] local.ERROR: SQLSTATE[42S22]: Column not found: 1054 Unknown column 'preciopaypal' in 'reservations' (SQL: alter table `reservations` add `agency` longtext null after `numeroticket`, add `currency` varchar(255) null after `preciopaypal`) {"exception":"[object] (Illuminate\\Database\\QueryException(code: 42S22): SQLSTATE[42S22]: Column not found: 1054 Unknown column 'preciopaypal' in 'reservations' (SQL: alter table `reservations` add `agency` longtext null after `numeroticket`, add `currency` varchar(255) null after `preciopaypal`) at /mnt/c/laragon/www/turiscabos/vendor/laravel/framework/src/Illuminate/Database/Connection.php:692)
[stacktrace]
#0 /mnt/c/laragon/www/turiscabos/vendor/laravel/framework/src/Illuminate/Database/Connection.php(652): Illuminate\\Database\\Connection->runQueryCallback()
#1 /mnt/c/laragon/www/turiscabos/vendor/laravel/framework/src/Illuminate/Database/Connection.php(486): Illuminate\\Database\\Connection->run()
#2 /mnt/c/laragon/www/turiscabos/vendor/laravel/framework/src/Illuminate/Database/Schema/Blueprint.php(109): Illuminate\\Database\\Connection->statement()
#3 /mnt/c/laragon/www/turiscabos/vendor/laravel/framework/src/Illuminate/Database/Schema/Builder.php(365): Illuminate\\Database\\Schema\\Blueprint->build()
#4 /mnt/c/laragon/www/turiscabos/vendor/laravel/framework/src/Illuminate/Database/Schema/Builder.php(212): Illuminate\\Database\\Schema\\Builder->build()
#5 /mnt/c/laragon/www/turiscabos/vendor/laravel/framework/src/Illuminate/Support/Facades/Facade.php(261): Illuminate\\Database\\Schema\\Builder->table()
#6 /mnt/c/laragon/www/turiscabos/database/migrations/2021_08_22_005228_add_columns_to_reservations_table.php(19): Illuminate\\Support\\Facades\\Facade::__callStatic()
#7 /mnt/c/laragon/www/turiscabos/vendor/laravel/framework/src/Illuminate/Database/Migrations/Migrator.php(394): AddColumnsToReservationsTable->up()
#8 /mnt/c/laragon/www/turiscabos/vendor/laravel/framework/src/Illuminate/Database/Migrations/Migrator.php(403): Illuminate\\Database\\Migrations\\Migrator->Illuminate\\Database\\Migrations\\{closure}()
#9 /mnt/c/laragon/www/turiscabos/vendor/laravel/framework/src/Illuminate/Database/Migrations/Migrator.php(202): Illuminate\\Database\\Migrations\\Migrator->runMigration()
#10 /mnt/c/laragon/www/turiscabos/vendor/laravel/framework/src/Illuminate/Database/Migrations/Migrator.php(167): Illuminate\\Database\\Migrations\\Migrator->runUp()
#11 /mnt/c/laragon/www/turiscabos/vendor/laravel/framework/src/Illuminate/Database/Migrations/Migrator.php(112): Illuminate\\Database\\Migrations\\Migrator->runPending()
#12 /mnt/c/laragon/www/turiscabos/vendor/laravel/framework/src/Illuminate/Database/Console/Migrations/MigrateCommand.php(85): Illuminate\\Database\\Migrations\\Migrator->run()
#13 /mnt/c/laragon/www/turiscabos/vendor/laravel/framework/src/Illuminate/Database/Migrations/Migrator.php(585): Illuminate\\Database\\Console\\Migrations\\MigrateCommand->Illuminate\\Database\\Console\\Migrations\\{closure}()
#14 /mnt/c/laragon/www/turiscabos/vendor/laravel/framework/src/Illuminate/Database/Console/Migrations/MigrateCommand.php(94): Illuminate\\Database\\Migrations\\Migrator->usingConnection()
#15 /mnt/c/laragon/www/turiscabos/vendor/laravel/framework/src/Illuminate/Container/BoundMethod.php(36): Illuminate\\Database\\Console\\Migrations\\MigrateCommand->handle()
#16 /mnt/c/laragon/www/turiscabos/vendor/laravel/framework/src/Illuminate/Container/Util.php(40): Illuminate\\Container\\BoundMethod::Illuminate\\Container\\{closure}()
#17 /mnt/c/laragon/www/turiscabos/vendor/laravel/framework/src/Illuminate/Container/BoundMethod.php(93): Illuminate\\Container\\Util::unwrapIfClosure()
#18 /mnt/c/laragon/www/turiscabos/vendor/laravel/framework/src/Illuminate/Container/BoundMethod.php(37): Illuminate\\Container\\BoundMethod::callBoundMethod()
#19 /mnt/c/laragon/www/turiscabos/vendor/laravel/framework/src/Illuminate/Container/Container.php(651): Illuminate\\Container\\BoundMethod::call()
#20 /mnt/c/laragon/www/turiscabos/vendor/laravel/framework/src/Illuminate/Console/Command.php(136): Illuminate\\Container\\Container->call()
#21 /mnt/c/laragon/www/turiscabos/vendor/symfony/console/Command/Command.php(299): Illuminate\\Console\\Command->execute()
#22 /mnt/c/laragon/www/turiscabos/vendor/laravel/framework/src/Illuminate/Console/Command.php(121): Symfony\\Component\\Console\\Command\\Command->run()
#23 /mnt/c/laragon/www/turiscabos/vendor/symfony/console/Application.php(978): Illuminate\\Console\\Command->run()
#24 /mnt/c/laragon/www/turiscabos/vendor/symfony/console/Application.php(295): Symfony\\Component\\Console\\Application->doRunCommand()
#25 /mnt/c/laragon/www/turiscabos/vendor/symfony/console/Application.php(167): Symfony\\Component\\Console\\Application->doRun()
#26 /mnt/c/laragon/www/turiscabos/vendor/laravel/framework/src/Illuminate/Console/Application.php(92): Symfony\\Component\\Console\\Application->run()
#27 /mnt/c/laragon/www/turiscabos/vendor/laravel/framework/src/Illuminate/Foundation/Console/Kernel.php(129): Illuminate\\Console\\Application->run()
#28 /mnt/c/laragon/www/turiscabos/artisan(37): Illuminate\\Foundation\\Console\\Kernel->handle()
#29 {main}

[previous exception] [object] (PDOException(code: 42S22): SQLSTATE[42S22]: Column not found: 1054 Unknown column 'preciopaypal' in 'reservations' at /mnt/c/laragon/www/turiscabos/vendor/laravel/framework/src/Illuminate/Database/Connection.php:485)
[stacktrace]
#0 /mnt/c/laragon/www/turiscabos/vendor/laravel/framework/src/Illuminate/Database/Connection.php(485): PDOStatement->execute()
#1 /mnt/c/laragon/www/turiscabos/vendor/laravel/framework/src/Illuminate/Database/Connection.php(685): Illuminate\\Database\\Connection->Illuminate\\Database\\{closure}()
#2 /mnt/c/laragon/www/turiscabos/vendor/laravel/framework/src/Illuminate/Database/Connection.php(652): Illuminate\\Database\\Connection->runQueryCallback()
#3 /mnt/c/laragon/www/turiscabos/vendor/laravel/framework/src/Illuminate/Database/Connection.php(486): Illuminate\\Database\\Connection->run()
#4 /mnt/c/laragon/www/turiscabos/vendor/laravel/framework/src/Illuminate/Database/Schema/Blueprint.php(109): Illuminate\\Database\\Connection->statement()
#5 /mnt/c/laragon/www/turiscabos/vendor/laravel/framework/src/Illuminate/Database/Schema/Builder.php(365): Illuminate\\Database\\Schema\\Blueprint->build()
#6 /mnt/c/laragon/www/turiscabos/vendor/laravel/framework/src/Illuminate/Database/Schema/Builder.php(212): Illuminate\\Database\\Schema\\Builder->build()
#7 /mnt/c/laragon/www/turiscabos/vendor/laravel/framework/src/Illuminate/Support/Facades/Facade.php(261): Illuminate\\Database\\Schema\\Builder->table()
#8 /mnt/c/laragon/www/turiscabos/database/migrations/2021_08_22_005228_add_columns_to_reservations_table.php(19): Illuminate\\Support\\Facades\\Facade::__callStatic()
#9 /mnt/c/laragon/www/turiscabos/vendor/laravel/framework/src/Illuminate/Database/Migrations/Migrator.php(394): AddColumnsToReservationsTable->up()
#10 /mnt/c/laragon/www/turiscabos/vendor/laravel/framework/src/Illuminate/Database/Migrations/Migrator.php(403): Illuminate\\Database\\Migrations\\Migrator->Illuminate\\Database\\Migrations\\{closure}()
#11 /mnt/c/laragon/www/turiscabos/vendor/laravel/framework/src/Illuminate/Database/Migrations/Migrator.php(202): Illuminate\\Database\\Migrations\\Migrator->runMigration()
#12 /mnt/c/laragon/www/turiscabos/vendor/laravel/framework/src/Illuminate/Database/Migrations/Migrator.php(167): Illuminate\\Database\\Migrations\\Migrator->runUp()
#13 /mnt/c/laragon/www/turiscabos/vendor/laravel/framework/src/Illuminate/Database/Migrations/Migrator.php(112): Illuminate\\Database\\Migrations\\Migrator->runPending()
#14 /mnt/c/laragon/www/turiscabos/vendor/laravel/framework/src/Illuminate/Database/Console/Migrations/MigrateCommand.php(85): Illuminate\\Database\\Migrations\\Migrator->run()
#15 /mnt/c/laragon/www/turiscabos/vendor/laravel/framework/src/Illuminate/Database/Migrations/Migrator.php(585): Illuminate\\Database\\Console\\Migrations\\MigrateCommand->Illuminate\\Database\\Console\\Migrations\\{closure}()
#16 /mnt/c/laragon/www/turiscabos/vendor/laravel/framework/src/Illuminate/Database/Console/Migrations/MigrateCommand.php(94): Illuminate\\Database\\Migrations\\Migrator->usingConnection()
#17 /mnt/c/laragon/www/turiscabos/vendor/laravel/framework/src/Illuminate/Container/BoundMethod.php(36): Illuminate\\Database\\Console\\Migrations\\MigrateCommand->handle()
#18 /mnt/c/laragon/www/turiscabos/vendor/laravel/framework/src/Illuminate/Container/Util.php(40): Illuminate\\Container\\BoundMethod::Illuminate\\Container\\{closure}()
#19 /mnt/c/laragon/www/turiscabos/vendor/laravel/framework/src/Illuminate/Container/BoundMethod.php(93): Illuminate\\Container\\Util::unwrapIfClosure()
#20 /mnt/c/laragon/www/turiscabos/vendor/laravel/framework/src/Illuminate/Container/BoundMethod.php(37): Illuminate\\Container\\BoundMethod::callBoundMethod()
#21 /mnt/c/laragon/www/turiscabos/vendor/laravel/framework/src/Illuminate/Container/Container.php(651): Illuminate\\Container\\BoundMethod::call()
#22 /mnt/c/laragon/www/turiscabos/vendor/laravel/framework/src/Illuminate/Console/Command.php(136): Illuminate\\Container\\Container->call()
#23 /mnt/c/laragon/www/turiscabos/vendor/symfony/console/Command/Command.php(299): Illuminate\\Console\\Command->execute()
#24 /mnt/c/laragon/www/turiscabos/vendor/laravel/framework/src/Illuminate/Console/Command.php(121): Symfony\\Component\\Console\\Command\\Command->run()
#25 /mnt/c/laragon/www/turiscabos/vendor/symfony/console/Application.php(978): Illuminate\\Console\\Command->run()
#26 /mnt/c/laragon/www/turiscabos/vendor/symfony/console/Application.php(295): Symfony\\Component\\Console\\Application->doRunCommand()
#27 /mnt/c/laragon/www/turiscabos/vendor/symfony/console/Application.php(167): Symfony\\Component\\Console\\Application->doRun()
#28 /mnt/c/laragon/www/turiscabos/vendor/laravel/framework/src/Illuminate/Console/Application.php(92): Symfony\\Component\\Console\\Application->run()
#29 /mnt/c/laragon/www/turiscabos/vendor/laravel/framework/src/Illuminate/Foundation/Console/Kernel.php(129): Illuminate\\Console\\Application->run()
#30 /mnt/c/laragon/www/turiscabos/artisan(37): Illuminate\\Foundation\\Console\\Kernel->handle()
#31 {main}
"} 
[2021-08-22 08:16:17] local.ERROR: Changing columns for table "reservations" requires Doctrine DBAL. Please install the doctrine/dbal package. {"exception":"[object] (RuntimeException(code: 0): Changing columns for table \"reservations\" requires Doctrine DBAL. Please install the doctrine/dbal package. at /mnt/c/laragon/www/turiscabos/vendor/laravel/framework/src/Illuminate/Database/Schema/Grammars/ChangeColumn.php:30)
[stacktrace]
#0 /mnt/c/laragon/www/turiscabos/vendor/laravel/framework/src/Illuminate/Database/Schema/Grammars/Grammar.php(83): Illuminate\\Database\\Schema\\Grammars\\ChangeColumn::compile()
#1 /mnt/c/laragon/www/turiscabos/vendor/laravel/framework/src/Illuminate/Database/Schema/Blueprint.php(135): Illuminate\\Database\\Schema\\Grammars\\Grammar->compileChange()
#2 /mnt/c/laragon/www/turiscabos/vendor/laravel/framework/src/Illuminate/Database/Schema/Blueprint.php(108): Illuminate\\Database\\Schema\\Blueprint->toSql()
#3 /mnt/c/laragon/www/turiscabos/vendor/laravel/framework/src/Illuminate/Database/Schema/Builder.php(365): Illuminate\\Database\\Schema\\Blueprint->build()
#4 /mnt/c/laragon/www/turiscabos/vendor/laravel/framework/src/Illuminate/Database/Schema/Builder.php(212): Illuminate\\Database\\Schema\\Builder->build()
#5 /mnt/c/laragon/www/turiscabos/vendor/laravel/framework/src/Illuminate/Support/Facades/Facade.php(261): Illuminate\\Database\\Schema\\Builder->table()
#6 /mnt/c/laragon/www/turiscabos/database/migrations/2021_08_22_005228_add_columns_to_reservations_table.php(35): Illuminate\\Support\\Facades\\Facade::__callStatic()
#7 /mnt/c/laragon/www/turiscabos/vendor/laravel/framework/src/Illuminate/Database/Migrations/Migrator.php(394): AddColumnsToReservationsTable->down()
#8 /mnt/c/laragon/www/turiscabos/vendor/laravel/framework/src/Illuminate/Database/Migrations/Migrator.php(403): Illuminate\\Database\\Migrations\\Migrator->Illuminate\\Database\\Migrations\\{closure}()
#9 /mnt/c/laragon/www/turiscabos/vendor/laravel/framework/src/Illuminate/Database/Migrations/Migrator.php(365): Illuminate\\Database\\Migrations\\Migrator->runMigration()
#10 /mnt/c/laragon/www/turiscabos/vendor/laravel/framework/src/Illuminate/Database/Migrations/Migrator.php(286): Illuminate\\Database\\Migrations\\Migrator->runDown()
#11 /mnt/c/laragon/www/turiscabos/vendor/laravel/framework/src/Illuminate/Database/Migrations/Migrator.php(236): Illuminate\\Database\\Migrations\\Migrator->rollbackMigrations()
#12 /mnt/c/laragon/www/turiscabos/vendor/laravel/framework/src/Illuminate/Database/Console/Migrations/RollbackCommand.php(62): Illuminate\\Database\\Migrations\\Migrator->rollback()
#13 /mnt/c/laragon/www/turiscabos/vendor/laravel/framework/src/Illuminate/Database/Migrations/Migrator.php(585): Illuminate\\Database\\Console\\Migrations\\RollbackCommand->Illuminate\\Database\\Console\\Migrations\\{closure}()
#14 /mnt/c/laragon/www/turiscabos/vendor/laravel/framework/src/Illuminate/Database/Console/Migrations/RollbackCommand.php(65): Illuminate\\Database\\Migrations\\Migrator->usingConnection()
#15 /mnt/c/laragon/www/turiscabos/vendor/laravel/framework/src/Illuminate/Container/BoundMethod.php(36): Illuminate\\Database\\Console\\Migrations\\RollbackCommand->handle()
#16 /mnt/c/laragon/www/turiscabos/vendor/laravel/framework/src/Illuminate/Container/Util.php(40): Illuminate\\Container\\BoundMethod::Illuminate\\Container\\{closure}()
#17 /mnt/c/laragon/www/turiscabos/vendor/laravel/framework/src/Illuminate/Container/BoundMethod.php(93): Illuminate\\Container\\Util::unwrapIfClosure()
#18 /mnt/c/laragon/www/turiscabos/vendor/laravel/framework/src/Illuminate/Container/BoundMethod.php(37): Illuminate\\Container\\BoundMethod::callBoundMethod()
#19 /mnt/c/laragon/www/turiscabos/vendor/laravel/framework/src/Illuminate/Container/Container.php(651): Illuminate\\Container\\BoundMethod::call()
#20 /mnt/c/laragon/www/turiscabos/vendor/laravel/framework/src/Illuminate/Console/Command.php(136): Illuminate\\Container\\Container->call()
#21 /mnt/c/laragon/www/turiscabos/vendor/symfony/console/Command/Command.php(299): Illuminate\\Console\\Command->execute()
#22 /mnt/c/laragon/www/turiscabos/vendor/laravel/framework/src/Illuminate/Console/Command.php(121): Symfony\\Component\\Console\\Command\\Command->run()
#23 /mnt/c/laragon/www/turiscabos/vendor/symfony/console/Application.php(978): Illuminate\\Console\\Command->run()
#24 /mnt/c/laragon/www/turiscabos/vendor/symfony/console/Application.php(295): Symfony\\Component\\Console\\Application->doRunCommand()
#25 /mnt/c/laragon/www/turiscabos/vendor/symfony/console/Application.php(167): Symfony\\Component\\Console\\Application->doRun()
#26 /mnt/c/laragon/www/turiscabos/vendor/laravel/framework/src/Illuminate/Console/Application.php(92): Symfony\\Component\\Console\\Application->run()
#27 /mnt/c/laragon/www/turiscabos/vendor/laravel/framework/src/Illuminate/Foundation/Console/Kernel.php(129): Illuminate\\Console\\Application->run()
#28 /mnt/c/laragon/www/turiscabos/artisan(37): Illuminate\\Foundation\\Console\\Kernel->handle()
#29 {main}
"} 
[2021-08-22 08:16:41] local.ERROR: Changing columns for table "reservations" requires Doctrine DBAL. Please install the doctrine/dbal package. {"exception":"[object] (RuntimeException(code: 0): Changing columns for table \"reservations\" requires Doctrine DBAL. Please install the doctrine/dbal package. at /mnt/c/laragon/www/turiscabos/vendor/laravel/framework/src/Illuminate/Database/Schema/Grammars/ChangeColumn.php:30)
[stacktrace]
#0 /mnt/c/laragon/www/turiscabos/vendor/laravel/framework/src/Illuminate/Database/Schema/Grammars/Grammar.php(83): Illuminate\\Database\\Schema\\Grammars\\ChangeColumn::compile()
#1 /mnt/c/laragon/www/turiscabos/vendor/laravel/framework/src/Illuminate/Database/Schema/Blueprint.php(135): Illuminate\\Database\\Schema\\Grammars\\Grammar->compileChange()
#2 /mnt/c/laragon/www/turiscabos/vendor/laravel/framework/src/Illuminate/Database/Schema/Blueprint.php(108): Illuminate\\Database\\Schema\\Blueprint->toSql()
#3 /mnt/c/laragon/www/turiscabos/vendor/laravel/framework/src/Illuminate/Database/Schema/Builder.php(365): Illuminate\\Database\\Schema\\Blueprint->build()
#4 /mnt/c/laragon/www/turiscabos/vendor/laravel/framework/src/Illuminate/Database/Schema/Builder.php(212): Illuminate\\Database\\Schema\\Builder->build()
#5 /mnt/c/laragon/www/turiscabos/vendor/laravel/framework/src/Illuminate/Support/Facades/Facade.php(261): Illuminate\\Database\\Schema\\Builder->table()
#6 /mnt/c/laragon/www/turiscabos/database/migrations/2021_08_22_005228_add_columns_to_reservations_table.php(21): Illuminate\\Support\\Facades\\Facade::__callStatic()
#7 /mnt/c/laragon/www/turiscabos/vendor/laravel/framework/src/Illuminate/Database/Migrations/Migrator.php(394): AddColumnsToReservationsTable->up()
#8 /mnt/c/laragon/www/turiscabos/vendor/laravel/framework/src/Illuminate/Database/Migrations/Migrator.php(403): Illuminate\\Database\\Migrations\\Migrator->Illuminate\\Database\\Migrations\\{closure}()
#9 /mnt/c/laragon/www/turiscabos/vendor/laravel/framework/src/Illuminate/Database/Migrations/Migrator.php(202): Illuminate\\Database\\Migrations\\Migrator->runMigration()
#10 /mnt/c/laragon/www/turiscabos/vendor/laravel/framework/src/Illuminate/Database/Migrations/Migrator.php(167): Illuminate\\Database\\Migrations\\Migrator->runUp()
#11 /mnt/c/laragon/www/turiscabos/vendor/laravel/framework/src/Illuminate/Database/Migrations/Migrator.php(112): Illuminate\\Database\\Migrations\\Migrator->runPending()
#12 /mnt/c/laragon/www/turiscabos/vendor/laravel/framework/src/Illuminate/Database/Console/Migrations/MigrateCommand.php(85): Illuminate\\Database\\Migrations\\Migrator->run()
#13 /mnt/c/laragon/www/turiscabos/vendor/laravel/framework/src/Illuminate/Database/Migrations/Migrator.php(585): Illuminate\\Database\\Console\\Migrations\\MigrateCommand->Illuminate\\Database\\Console\\Migrations\\{closure}()
#14 /mnt/c/laragon/www/turiscabos/vendor/laravel/framework/src/Illuminate/Database/Console/Migrations/MigrateCommand.php(94): Illuminate\\Database\\Migrations\\Migrator->usingConnection()
#15 /mnt/c/laragon/www/turiscabos/vendor/laravel/framework/src/Illuminate/Container/BoundMethod.php(36): Illuminate\\Database\\Console\\Migrations\\MigrateCommand->handle()
#16 /mnt/c/laragon/www/turiscabos/vendor/laravel/framework/src/Illuminate/Container/Util.php(40): Illuminate\\Container\\BoundMethod::Illuminate\\Container\\{closure}()
#17 /mnt/c/laragon/www/turiscabos/vendor/laravel/framework/src/Illuminate/Container/BoundMethod.php(93): Illuminate\\Container\\Util::unwrapIfClosure()
#18 /mnt/c/laragon/www/turiscabos/vendor/laravel/framework/src/Illuminate/Container/BoundMethod.php(37): Illuminate\\Container\\BoundMethod::callBoundMethod()
#19 /mnt/c/laragon/www/turiscabos/vendor/laravel/framework/src/Illuminate/Container/Container.php(651): Illuminate\\Container\\BoundMethod::call()
#20 /mnt/c/laragon/www/turiscabos/vendor/laravel/framework/src/Illuminate/Console/Command.php(136): Illuminate\\Container\\Container->call()
#21 /mnt/c/laragon/www/turiscabos/vendor/symfony/console/Command/Command.php(299): Illuminate\\Console\\Command->execute()
#22 /mnt/c/laragon/www/turiscabos/vendor/laravel/framework/src/Illuminate/Console/Command.php(121): Symfony\\Component\\Console\\Command\\Command->run()
#23 /mnt/c/laragon/www/turiscabos/vendor/symfony/console/Application.php(978): Illuminate\\Console\\Command->run()
#24 /mnt/c/laragon/www/turiscabos/vendor/symfony/console/Application.php(295): Symfony\\Component\\Console\\Application->doRunCommand()
#25 /mnt/c/laragon/www/turiscabos/vendor/symfony/console/Application.php(167): Symfony\\Component\\Console\\Application->doRun()
#26 /mnt/c/laragon/www/turiscabos/vendor/laravel/framework/src/Illuminate/Console/Application.php(92): Symfony\\Component\\Console\\Application->run()
#27 /mnt/c/laragon/www/turiscabos/vendor/laravel/framework/src/Illuminate/Foundation/Console/Kernel.php(129): Illuminate\\Console\\Application->run()
#28 /mnt/c/laragon/www/turiscabos/artisan(37): Illuminate\\Foundation\\Console\\Kernel->handle()
#29 {main}
"} 
[2021-08-22 08:18:10] local.ERROR: SQLSTATE[22007]: Invalid datetime format: 1292 Incorrect date value: '2021-08-25T06:00:00.000Z' for column 'departuredate' at row 6 (SQL: ALTER TABLE reservations CHANGE departuredate departuredate DATE DEFAULT NULL, CHANGE departuretime departuretime TIME DEFAULT NULL) {"exception":"[object] (Illuminate\\Database\\QueryException(code: 22007): SQLSTATE[22007]: Invalid datetime format: 1292 Incorrect date value: '2021-08-25T06:00:00.000Z' for column 'departuredate' at row 6 (SQL: ALTER TABLE reservations CHANGE departuredate departuredate DATE DEFAULT NULL, CHANGE departuretime departuretime TIME DEFAULT NULL) at /mnt/c/laragon/www/turiscabos/vendor/laravel/framework/src/Illuminate/Database/Connection.php:692)
[stacktrace]
#0 /mnt/c/laragon/www/turiscabos/vendor/laravel/framework/src/Illuminate/Database/Connection.php(652): Illuminate\\Database\\Connection->runQueryCallback()
#1 /mnt/c/laragon/www/turiscabos/vendor/laravel/framework/src/Illuminate/Database/Connection.php(486): Illuminate\\Database\\Connection->run()
#2 /mnt/c/laragon/www/turiscabos/vendor/laravel/framework/src/Illuminate/Database/Schema/Blueprint.php(109): Illuminate\\Database\\Connection->statement()
#3 /mnt/c/laragon/www/turiscabos/vendor/laravel/framework/src/Illuminate/Database/Schema/Builder.php(365): Illuminate\\Database\\Schema\\Blueprint->build()
#4 /mnt/c/laragon/www/turiscabos/vendor/laravel/framework/src/Illuminate/Database/Schema/Builder.php(212): Illuminate\\Database\\Schema\\Builder->build()
#5 /mnt/c/laragon/www/turiscabos/vendor/laravel/framework/src/Illuminate/Support/Facades/Facade.php(261): Illuminate\\Database\\Schema\\Builder->table()
#6 /mnt/c/laragon/www/turiscabos/database/migrations/2021_08_22_005228_add_columns_to_reservations_table.php(21): Illuminate\\Support\\Facades\\Facade::__callStatic()
#7 /mnt/c/laragon/www/turiscabos/vendor/laravel/framework/src/Illuminate/Database/Migrations/Migrator.php(394): AddColumnsToReservationsTable->up()
#8 /mnt/c/laragon/www/turiscabos/vendor/laravel/framework/src/Illuminate/Database/Migrations/Migrator.php(403): Illuminate\\Database\\Migrations\\Migrator->Illuminate\\Database\\Migrations\\{closure}()
#9 /mnt/c/laragon/www/turiscabos/vendor/laravel/framework/src/Illuminate/Database/Migrations/Migrator.php(202): Illuminate\\Database\\Migrations\\Migrator->runMigration()
#10 /mnt/c/laragon/www/turiscabos/vendor/laravel/framework/src/Illuminate/Database/Migrations/Migrator.php(167): Illuminate\\Database\\Migrations\\Migrator->runUp()
#11 /mnt/c/laragon/www/turiscabos/vendor/laravel/framework/src/Illuminate/Database/Migrations/Migrator.php(112): Illuminate\\Database\\Migrations\\Migrator->runPending()
#12 /mnt/c/laragon/www/turiscabos/vendor/laravel/framework/src/Illuminate/Database/Console/Migrations/MigrateCommand.php(85): Illuminate\\Database\\Migrations\\Migrator->run()
#13 /mnt/c/laragon/www/turiscabos/vendor/laravel/framework/src/Illuminate/Database/Migrations/Migrator.php(585): Illuminate\\Database\\Console\\Migrations\\MigrateCommand->Illuminate\\Database\\Console\\Migrations\\{closure}()
#14 /mnt/c/laragon/www/turiscabos/vendor/laravel/framework/src/Illuminate/Database/Console/Migrations/MigrateCommand.php(94): Illuminate\\Database\\Migrations\\Migrator->usingConnection()
#15 /mnt/c/laragon/www/turiscabos/vendor/laravel/framework/src/Illuminate/Container/BoundMethod.php(36): Illuminate\\Database\\Console\\Migrations\\MigrateCommand->handle()
#16 /mnt/c/laragon/www/turiscabos/vendor/laravel/framework/src/Illuminate/Container/Util.php(40): Illuminate\\Container\\BoundMethod::Illuminate\\Container\\{closure}()
#17 /mnt/c/laragon/www/turiscabos/vendor/laravel/framework/src/Illuminate/Container/BoundMethod.php(93): Illuminate\\Container\\Util::unwrapIfClosure()
#18 /mnt/c/laragon/www/turiscabos/vendor/laravel/framework/src/Illuminate/Container/BoundMethod.php(37): Illuminate\\Container\\BoundMethod::callBoundMethod()
#19 /mnt/c/laragon/www/turiscabos/vendor/laravel/framework/src/Illuminate/Container/Container.php(651): Illuminate\\Container\\BoundMethod::call()
#20 /mnt/c/laragon/www/turiscabos/vendor/laravel/framework/src/Illuminate/Console/Command.php(136): Illuminate\\Container\\Container->call()
#21 /mnt/c/laragon/www/turiscabos/vendor/symfony/console/Command/Command.php(299): Illuminate\\Console\\Command->execute()
#22 /mnt/c/laragon/www/turiscabos/vendor/laravel/framework/src/Illuminate/Console/Command.php(121): Symfony\\Component\\Console\\Command\\Command->run()
#23 /mnt/c/laragon/www/turiscabos/vendor/symfony/console/Application.php(978): Illuminate\\Console\\Command->run()
#24 /mnt/c/laragon/www/turiscabos/vendor/symfony/console/Application.php(295): Symfony\\Component\\Console\\Application->doRunCommand()
#25 /mnt/c/laragon/www/turiscabos/vendor/symfony/console/Application.php(167): Symfony\\Component\\Console\\Application->doRun()
#26 /mnt/c/laragon/www/turiscabos/vendor/laravel/framework/src/Illuminate/Console/Application.php(92): Symfony\\Component\\Console\\Application->run()
#27 /mnt/c/laragon/www/turiscabos/vendor/laravel/framework/src/Illuminate/Foundation/Console/Kernel.php(129): Illuminate\\Console\\Application->run()
#28 /mnt/c/laragon/www/turiscabos/artisan(37): Illuminate\\Foundation\\Console\\Kernel->handle()
#29 {main}

[previous exception] [object] (PDOException(code: 22007): SQLSTATE[22007]: Invalid datetime format: 1292 Incorrect date value: '2021-08-25T06:00:00.000Z' for column 'departuredate' at row 6 at /mnt/c/laragon/www/turiscabos/vendor/laravel/framework/src/Illuminate/Database/Connection.php:485)
[stacktrace]
#0 /mnt/c/laragon/www/turiscabos/vendor/laravel/framework/src/Illuminate/Database/Connection.php(485): PDOStatement->execute()
#1 /mnt/c/laragon/www/turiscabos/vendor/laravel/framework/src/Illuminate/Database/Connection.php(685): Illuminate\\Database\\Connection->Illuminate\\Database\\{closure}()
#2 /mnt/c/laragon/www/turiscabos/vendor/laravel/framework/src/Illuminate/Database/Connection.php(652): Illuminate\\Database\\Connection->runQueryCallback()
#3 /mnt/c/laragon/www/turiscabos/vendor/laravel/framework/src/Illuminate/Database/Connection.php(486): Illuminate\\Database\\Connection->run()
#4 /mnt/c/laragon/www/turiscabos/vendor/laravel/framework/src/Illuminate/Database/Schema/Blueprint.php(109): Illuminate\\Database\\Connection->statement()
#5 /mnt/c/laragon/www/turiscabos/vendor/laravel/framework/src/Illuminate/Database/Schema/Builder.php(365): Illuminate\\Database\\Schema\\Blueprint->build()
#6 /mnt/c/laragon/www/turiscabos/vendor/laravel/framework/src/Illuminate/Database/Schema/Builder.php(212): Illuminate\\Database\\Schema\\Builder->build()
#7 /mnt/c/laragon/www/turiscabos/vendor/laravel/framework/src/Illuminate/Support/Facades/Facade.php(261): Illuminate\\Database\\Schema\\Builder->table()
#8 /mnt/c/laragon/www/turiscabos/database/migrations/2021_08_22_005228_add_columns_to_reservations_table.php(21): Illuminate\\Support\\Facades\\Facade::__callStatic()
#9 /mnt/c/laragon/www/turiscabos/vendor/laravel/framework/src/Illuminate/Database/Migrations/Migrator.php(394): AddColumnsToReservationsTable->up()
#10 /mnt/c/laragon/www/turiscabos/vendor/laravel/framework/src/Illuminate/Database/Migrations/Migrator.php(403): Illuminate\\Database\\Migrations\\Migrator->Illuminate\\Database\\Migrations\\{closure}()
#11 /mnt/c/laragon/www/turiscabos/vendor/laravel/framework/src/Illuminate/Database/Migrations/Migrator.php(202): Illuminate\\Database\\Migrations\\Migrator->runMigration()
#12 /mnt/c/laragon/www/turiscabos/vendor/laravel/framework/src/Illuminate/Database/Migrations/Migrator.php(167): Illuminate\\Database\\Migrations\\Migrator->runUp()
#13 /mnt/c/laragon/www/turiscabos/vendor/laravel/framework/src/Illuminate/Database/Migrations/Migrator.php(112): Illuminate\\Database\\Migrations\\Migrator->runPending()
#14 /mnt/c/laragon/www/turiscabos/vendor/laravel/framework/src/Illuminate/Database/Console/Migrations/MigrateCommand.php(85): Illuminate\\Database\\Migrations\\Migrator->run()
#15 /mnt/c/laragon/www/turiscabos/vendor/laravel/framework/src/Illuminate/Database/Migrations/Migrator.php(585): Illuminate\\Database\\Console\\Migrations\\MigrateCommand->Illuminate\\Database\\Console\\Migrations\\{closure}()
#16 /mnt/c/laragon/www/turiscabos/vendor/laravel/framework/src/Illuminate/Database/Console/Migrations/MigrateCommand.php(94): Illuminate\\Database\\Migrations\\Migrator->usingConnection()
#17 /mnt/c/laragon/www/turiscabos/vendor/laravel/framework/src/Illuminate/Container/BoundMethod.php(36): Illuminate\\Database\\Console\\Migrations\\MigrateCommand->handle()
#18 /mnt/c/laragon/www/turiscabos/vendor/laravel/framework/src/Illuminate/Container/Util.php(40): Illuminate\\Container\\BoundMethod::Illuminate\\Container\\{closure}()
#19 /mnt/c/laragon/www/turiscabos/vendor/laravel/framework/src/Illuminate/Container/BoundMethod.php(93): Illuminate\\Container\\Util::unwrapIfClosure()
#20 /mnt/c/laragon/www/turiscabos/vendor/laravel/framework/src/Illuminate/Container/BoundMethod.php(37): Illuminate\\Container\\BoundMethod::callBoundMethod()
#21 /mnt/c/laragon/www/turiscabos/vendor/laravel/framework/src/Illuminate/Container/Container.php(651): Illuminate\\Container\\BoundMethod::call()
#22 /mnt/c/laragon/www/turiscabos/vendor/laravel/framework/src/Illuminate/Console/Command.php(136): Illuminate\\Container\\Container->call()
#23 /mnt/c/laragon/www/turiscabos/vendor/symfony/console/Command/Command.php(299): Illuminate\\Console\\Command->execute()
#24 /mnt/c/laragon/www/turiscabos/vendor/laravel/framework/src/Illuminate/Console/Command.php(121): Symfony\\Component\\Console\\Command\\Command->run()
#25 /mnt/c/laragon/www/turiscabos/vendor/symfony/console/Application.php(978): Illuminate\\Console\\Command->run()
#26 /mnt/c/laragon/www/turiscabos/vendor/symfony/console/Application.php(295): Symfony\\Component\\Console\\Application->doRunCommand()
#27 /mnt/c/laragon/www/turiscabos/vendor/symfony/console/Application.php(167): Symfony\\Component\\Console\\Application->doRun()
#28 /mnt/c/laragon/www/turiscabos/vendor/laravel/framework/src/Illuminate/Console/Application.php(92): Symfony\\Component\\Console\\Application->run()
#29 /mnt/c/laragon/www/turiscabos/vendor/laravel/framework/src/Illuminate/Foundation/Console/Kernel.php(129): Illuminate\\Console\\Application->run()
#30 /mnt/c/laragon/www/turiscabos/artisan(37): Illuminate\\Foundation\\Console\\Kernel->handle()
#31 {main}
"} 
[2021-08-22 08:19:14] local.ERROR: SQLSTATE[22007]: Invalid datetime format: 1292 Incorrect date value: '
' for column 'departuredate' at row 6 (SQL: ALTER TABLE reservations CHANGE departuredate departuredate DATE DEFAULT NULL, CHANGE departuretime departuretime TIME DEFAULT NULL) {"exception":"[object] (Illuminate\\Database\\QueryException(code: 22007): SQLSTATE[22007]: Invalid datetime format: 1292 Incorrect date value: '
' for column 'departuredate' at row 6 (SQL: ALTER TABLE reservations CHANGE departuredate departuredate DATE DEFAULT NULL, CHANGE departuretime departuretime TIME DEFAULT NULL) at /mnt/c/laragon/www/turiscabos/vendor/laravel/framework/src/Illuminate/Database/Connection.php:692)
[stacktrace]
#0 /mnt/c/laragon/www/turiscabos/vendor/laravel/framework/src/Illuminate/Database/Connection.php(652): Illuminate\\Database\\Connection->runQueryCallback()
#1 /mnt/c/laragon/www/turiscabos/vendor/laravel/framework/src/Illuminate/Database/Connection.php(486): Illuminate\\Database\\Connection->run()
#2 /mnt/c/laragon/www/turiscabos/vendor/laravel/framework/src/Illuminate/Database/Schema/Blueprint.php(109): Illuminate\\Database\\Connection->statement()
#3 /mnt/c/laragon/www/turiscabos/vendor/laravel/framework/src/Illuminate/Database/Schema/Builder.php(365): Illuminate\\Database\\Schema\\Blueprint->build()
#4 /mnt/c/laragon/www/turiscabos/vendor/laravel/framework/src/Illuminate/Database/Schema/Builder.php(212): Illuminate\\Database\\Schema\\Builder->build()
#5 /mnt/c/laragon/www/turiscabos/vendor/laravel/framework/src/Illuminate/Support/Facades/Facade.php(261): Illuminate\\Database\\Schema\\Builder->table()
#6 /mnt/c/laragon/www/turiscabos/database/migrations/2021_08_22_005228_add_columns_to_reservations_table.php(21): Illuminate\\Support\\Facades\\Facade::__callStatic()
#7 /mnt/c/laragon/www/turiscabos/vendor/laravel/framework/src/Illuminate/Database/Migrations/Migrator.php(394): AddColumnsToReservationsTable->up()
#8 /mnt/c/laragon/www/turiscabos/vendor/laravel/framework/src/Illuminate/Database/Migrations/Migrator.php(403): Illuminate\\Database\\Migrations\\Migrator->Illuminate\\Database\\Migrations\\{closure}()
#9 /mnt/c/laragon/www/turiscabos/vendor/laravel/framework/src/Illuminate/Database/Migrations/Migrator.php(202): Illuminate\\Database\\Migrations\\Migrator->runMigration()
#10 /mnt/c/laragon/www/turiscabos/vendor/laravel/framework/src/Illuminate/Database/Migrations/Migrator.php(167): Illuminate\\Database\\Migrations\\Migrator->runUp()
#11 /mnt/c/laragon/www/turiscabos/vendor/laravel/framework/src/Illuminate/Database/Migrations/Migrator.php(112): Illuminate\\Database\\Migrations\\Migrator->runPending()
#12 /mnt/c/laragon/www/turiscabos/vendor/laravel/framework/src/Illuminate/Database/Console/Migrations/MigrateCommand.php(85): Illuminate\\Database\\Migrations\\Migrator->run()
#13 /mnt/c/laragon/www/turiscabos/vendor/laravel/framework/src/Illuminate/Database/Migrations/Migrator.php(585): Illuminate\\Database\\Console\\Migrations\\MigrateCommand->Illuminate\\Database\\Console\\Migrations\\{closure}()
#14 /mnt/c/laragon/www/turiscabos/vendor/laravel/framework/src/Illuminate/Database/Console/Migrations/MigrateCommand.php(94): Illuminate\\Database\\Migrations\\Migrator->usingConnection()
#15 /mnt/c/laragon/www/turiscabos/vendor/laravel/framework/src/Illuminate/Container/BoundMethod.php(36): Illuminate\\Database\\Console\\Migrations\\MigrateCommand->handle()
#16 /mnt/c/laragon/www/turiscabos/vendor/laravel/framework/src/Illuminate/Container/Util.php(40): Illuminate\\Container\\BoundMethod::Illuminate\\Container\\{closure}()
#17 /mnt/c/laragon/www/turiscabos/vendor/laravel/framework/src/Illuminate/Container/BoundMethod.php(93): Illuminate\\Container\\Util::unwrapIfClosure()
#18 /mnt/c/laragon/www/turiscabos/vendor/laravel/framework/src/Illuminate/Container/BoundMethod.php(37): Illuminate\\Container\\BoundMethod::callBoundMethod()
#19 /mnt/c/laragon/www/turiscabos/vendor/laravel/framework/src/Illuminate/Container/Container.php(651): Illuminate\\Container\\BoundMethod::call()
#20 /mnt/c/laragon/www/turiscabos/vendor/laravel/framework/src/Illuminate/Console/Command.php(136): Illuminate\\Container\\Container->call()
#21 /mnt/c/laragon/www/turiscabos/vendor/symfony/console/Command/Command.php(299): Illuminate\\Console\\Command->execute()
#22 /mnt/c/laragon/www/turiscabos/vendor/laravel/framework/src/Illuminate/Console/Command.php(121): Symfony\\Component\\Console\\Command\\Command->run()
#23 /mnt/c/laragon/www/turiscabos/vendor/symfony/console/Application.php(978): Illuminate\\Console\\Command->run()
#24 /mnt/c/laragon/www/turiscabos/vendor/symfony/console/Application.php(295): Symfony\\Component\\Console\\Application->doRunCommand()
#25 /mnt/c/laragon/www/turiscabos/vendor/symfony/console/Application.php(167): Symfony\\Component\\Console\\Application->doRun()
#26 /mnt/c/laragon/www/turiscabos/vendor/laravel/framework/src/Illuminate/Console/Application.php(92): Symfony\\Component\\Console\\Application->run()
#27 /mnt/c/laragon/www/turiscabos/vendor/laravel/framework/src/Illuminate/Foundation/Console/Kernel.php(129): Illuminate\\Console\\Application->run()
#28 /mnt/c/laragon/www/turiscabos/artisan(37): Illuminate\\Foundation\\Console\\Kernel->handle()
#29 {main}

[previous exception] [object] (PDOException(code: 22007): SQLSTATE[22007]: Invalid datetime format: 1292 Incorrect date value: '
' for column 'departuredate' at row 6 at /mnt/c/laragon/www/turiscabos/vendor/laravel/framework/src/Illuminate/Database/Connection.php:485)
[stacktrace]
#0 /mnt/c/laragon/www/turiscabos/vendor/laravel/framework/src/Illuminate/Database/Connection.php(485): PDOStatement->execute()
#1 /mnt/c/laragon/www/turiscabos/vendor/laravel/framework/src/Illuminate/Database/Connection.php(685): Illuminate\\Database\\Connection->Illuminate\\Database\\{closure}()
#2 /mnt/c/laragon/www/turiscabos/vendor/laravel/framework/src/Illuminate/Database/Connection.php(652): Illuminate\\Database\\Connection->runQueryCallback()
#3 /mnt/c/laragon/www/turiscabos/vendor/laravel/framework/src/Illuminate/Database/Connection.php(486): Illuminate\\Database\\Connection->run()
#4 /mnt/c/laragon/www/turiscabos/vendor/laravel/framework/src/Illuminate/Database/Schema/Blueprint.php(109): Illuminate\\Database\\Connection->statement()
#5 /mnt/c/laragon/www/turiscabos/vendor/laravel/framework/src/Illuminate/Database/Schema/Builder.php(365): Illuminate\\Database\\Schema\\Blueprint->build()
#6 /mnt/c/laragon/www/turiscabos/vendor/laravel/framework/src/Illuminate/Database/Schema/Builder.php(212): Illuminate\\Database\\Schema\\Builder->build()
#7 /mnt/c/laragon/www/turiscabos/vendor/laravel/framework/src/Illuminate/Support/Facades/Facade.php(261): Illuminate\\Database\\Schema\\Builder->table()
#8 /mnt/c/laragon/www/turiscabos/database/migrations/2021_08_22_005228_add_columns_to_reservations_table.php(21): Illuminate\\Support\\Facades\\Facade::__callStatic()
#9 /mnt/c/laragon/www/turiscabos/vendor/laravel/framework/src/Illuminate/Database/Migrations/Migrator.php(394): AddColumnsToReservationsTable->up()
#10 /mnt/c/laragon/www/turiscabos/vendor/laravel/framework/src/Illuminate/Database/Migrations/Migrator.php(403): Illuminate\\Database\\Migrations\\Migrator->Illuminate\\Database\\Migrations\\{closure}()
#11 /mnt/c/laragon/www/turiscabos/vendor/laravel/framework/src/Illuminate/Database/Migrations/Migrator.php(202): Illuminate\\Database\\Migrations\\Migrator->runMigration()
#12 /mnt/c/laragon/www/turiscabos/vendor/laravel/framework/src/Illuminate/Database/Migrations/Migrator.php(167): Illuminate\\Database\\Migrations\\Migrator->runUp()
#13 /mnt/c/laragon/www/turiscabos/vendor/laravel/framework/src/Illuminate/Database/Migrations/Migrator.php(112): Illuminate\\Database\\Migrations\\Migrator->runPending()
#14 /mnt/c/laragon/www/turiscabos/vendor/laravel/framework/src/Illuminate/Database/Console/Migrations/MigrateCommand.php(85): Illuminate\\Database\\Migrations\\Migrator->run()
#15 /mnt/c/laragon/www/turiscabos/vendor/laravel/framework/src/Illuminate/Database/Migrations/Migrator.php(585): Illuminate\\Database\\Console\\Migrations\\MigrateCommand->Illuminate\\Database\\Console\\Migrations\\{closure}()
#16 /mnt/c/laragon/www/turiscabos/vendor/laravel/framework/src/Illuminate/Database/Console/Migrations/MigrateCommand.php(94): Illuminate\\Database\\Migrations\\Migrator->usingConnection()
#17 /mnt/c/laragon/www/turiscabos/vendor/laravel/framework/src/Illuminate/Container/BoundMethod.php(36): Illuminate\\Database\\Console\\Migrations\\MigrateCommand->handle()
#18 /mnt/c/laragon/www/turiscabos/vendor/laravel/framework/src/Illuminate/Container/Util.php(40): Illuminate\\Container\\BoundMethod::Illuminate\\Container\\{closure}()
#19 /mnt/c/laragon/www/turiscabos/vendor/laravel/framework/src/Illuminate/Container/BoundMethod.php(93): Illuminate\\Container\\Util::unwrapIfClosure()
#20 /mnt/c/laragon/www/turiscabos/vendor/laravel/framework/src/Illuminate/Container/BoundMethod.php(37): Illuminate\\Container\\BoundMethod::callBoundMethod()
#21 /mnt/c/laragon/www/turiscabos/vendor/laravel/framework/src/Illuminate/Container/Container.php(651): Illuminate\\Container\\BoundMethod::call()
#22 /mnt/c/laragon/www/turiscabos/vendor/laravel/framework/src/Illuminate/Console/Command.php(136): Illuminate\\Container\\Container->call()
#23 /mnt/c/laragon/www/turiscabos/vendor/symfony/console/Command/Command.php(299): Illuminate\\Console\\Command->execute()
#24 /mnt/c/laragon/www/turiscabos/vendor/laravel/framework/src/Illuminate/Console/Command.php(121): Symfony\\Component\\Console\\Command\\Command->run()
#25 /mnt/c/laragon/www/turiscabos/vendor/symfony/console/Application.php(978): Illuminate\\Console\\Command->run()
#26 /mnt/c/laragon/www/turiscabos/vendor/symfony/console/Application.php(295): Symfony\\Component\\Console\\Application->doRunCommand()
#27 /mnt/c/laragon/www/turiscabos/vendor/symfony/console/Application.php(167): Symfony\\Component\\Console\\Application->doRun()
#28 /mnt/c/laragon/www/turiscabos/vendor/laravel/framework/src/Illuminate/Console/Application.php(92): Symfony\\Component\\Console\\Application->run()
#29 /mnt/c/laragon/www/turiscabos/vendor/laravel/framework/src/Illuminate/Foundation/Console/Kernel.php(129): Illuminate\\Console\\Application->run()
#30 /mnt/c/laragon/www/turiscabos/artisan(37): Illuminate\\Foundation\\Console\\Kernel->handle()
#31 {main}
"} 
[2021-08-22 08:20:15] local.ERROR: SQLSTATE[22007]: Invalid datetime format: 1292 Incorrect date value: '
' for column 'departuredate' at row 6 (SQL: ALTER TABLE reservations CHANGE departuredate departuredate DATE DEFAULT NULL, CHANGE departuretime departuretime TIME DEFAULT NULL) {"exception":"[object] (Illuminate\\Database\\QueryException(code: 22007): SQLSTATE[22007]: Invalid datetime format: 1292 Incorrect date value: '
' for column 'departuredate' at row 6 (SQL: ALTER TABLE reservations CHANGE departuredate departuredate DATE DEFAULT NULL, CHANGE departuretime departuretime TIME DEFAULT NULL) at /mnt/c/laragon/www/turiscabos/vendor/laravel/framework/src/Illuminate/Database/Connection.php:692)
[stacktrace]
#0 /mnt/c/laragon/www/turiscabos/vendor/laravel/framework/src/Illuminate/Database/Connection.php(652): Illuminate\\Database\\Connection->runQueryCallback()
#1 /mnt/c/laragon/www/turiscabos/vendor/laravel/framework/src/Illuminate/Database/Connection.php(486): Illuminate\\Database\\Connection->run()
#2 /mnt/c/laragon/www/turiscabos/vendor/laravel/framework/src/Illuminate/Database/Schema/Blueprint.php(109): Illuminate\\Database\\Connection->statement()
#3 /mnt/c/laragon/www/turiscabos/vendor/laravel/framework/src/Illuminate/Database/Schema/Builder.php(365): Illuminate\\Database\\Schema\\Blueprint->build()
#4 /mnt/c/laragon/www/turiscabos/vendor/laravel/framework/src/Illuminate/Database/Schema/Builder.php(212): Illuminate\\Database\\Schema\\Builder->build()
#5 /mnt/c/laragon/www/turiscabos/vendor/laravel/framework/src/Illuminate/Support/Facades/Facade.php(261): Illuminate\\Database\\Schema\\Builder->table()
#6 /mnt/c/laragon/www/turiscabos/database/migrations/2021_08_22_005228_add_columns_to_reservations_table.php(21): Illuminate\\Support\\Facades\\Facade::__callStatic()
#7 /mnt/c/laragon/www/turiscabos/vendor/laravel/framework/src/Illuminate/Database/Migrations/Migrator.php(394): AddColumnsToReservationsTable->up()
#8 /mnt/c/laragon/www/turiscabos/vendor/laravel/framework/src/Illuminate/Database/Migrations/Migrator.php(403): Illuminate\\Database\\Migrations\\Migrator->Illuminate\\Database\\Migrations\\{closure}()
#9 /mnt/c/laragon/www/turiscabos/vendor/laravel/framework/src/Illuminate/Database/Migrations/Migrator.php(202): Illuminate\\Database\\Migrations\\Migrator->runMigration()
#10 /mnt/c/laragon/www/turiscabos/vendor/laravel/framework/src/Illuminate/Database/Migrations/Migrator.php(167): Illuminate\\Database\\Migrations\\Migrator->runUp()
#11 /mnt/c/laragon/www/turiscabos/vendor/laravel/framework/src/Illuminate/Database/Migrations/Migrator.php(112): Illuminate\\Database\\Migrations\\Migrator->runPending()
#12 /mnt/c/laragon/www/turiscabos/vendor/laravel/framework/src/Illuminate/Database/Console/Migrations/MigrateCommand.php(85): Illuminate\\Database\\Migrations\\Migrator->run()
#13 /mnt/c/laragon/www/turiscabos/vendor/laravel/framework/src/Illuminate/Database/Migrations/Migrator.php(585): Illuminate\\Database\\Console\\Migrations\\MigrateCommand->Illuminate\\Database\\Console\\Migrations\\{closure}()
#14 /mnt/c/laragon/www/turiscabos/vendor/laravel/framework/src/Illuminate/Database/Console/Migrations/MigrateCommand.php(94): Illuminate\\Database\\Migrations\\Migrator->usingConnection()
#15 /mnt/c/laragon/www/turiscabos/vendor/laravel/framework/src/Illuminate/Container/BoundMethod.php(36): Illuminate\\Database\\Console\\Migrations\\MigrateCommand->handle()
#16 /mnt/c/laragon/www/turiscabos/vendor/laravel/framework/src/Illuminate/Container/Util.php(40): Illuminate\\Container\\BoundMethod::Illuminate\\Container\\{closure}()
#17 /mnt/c/laragon/www/turiscabos/vendor/laravel/framework/src/Illuminate/Container/BoundMethod.php(93): Illuminate\\Container\\Util::unwrapIfClosure()
#18 /mnt/c/laragon/www/turiscabos/vendor/laravel/framework/src/Illuminate/Container/BoundMethod.php(37): Illuminate\\Container\\BoundMethod::callBoundMethod()
#19 /mnt/c/laragon/www/turiscabos/vendor/laravel/framework/src/Illuminate/Container/Container.php(651): Illuminate\\Container\\BoundMethod::call()
#20 /mnt/c/laragon/www/turiscabos/vendor/laravel/framework/src/Illuminate/Console/Command.php(136): Illuminate\\Container\\Container->call()
#21 /mnt/c/laragon/www/turiscabos/vendor/symfony/console/Command/Command.php(299): Illuminate\\Console\\Command->execute()
#22 /mnt/c/laragon/www/turiscabos/vendor/laravel/framework/src/Illuminate/Console/Command.php(121): Symfony\\Component\\Console\\Command\\Command->run()
#23 /mnt/c/laragon/www/turiscabos/vendor/symfony/console/Application.php(978): Illuminate\\Console\\Command->run()
#24 /mnt/c/laragon/www/turiscabos/vendor/symfony/console/Application.php(295): Symfony\\Component\\Console\\Application->doRunCommand()
#25 /mnt/c/laragon/www/turiscabos/vendor/symfony/console/Application.php(167): Symfony\\Component\\Console\\Application->doRun()
#26 /mnt/c/laragon/www/turiscabos/vendor/laravel/framework/src/Illuminate/Console/Application.php(92): Symfony\\Component\\Console\\Application->run()
#27 /mnt/c/laragon/www/turiscabos/vendor/laravel/framework/src/Illuminate/Foundation/Console/Kernel.php(129): Illuminate\\Console\\Application->run()
#28 /mnt/c/laragon/www/turiscabos/artisan(37): Illuminate\\Foundation\\Console\\Kernel->handle()
#29 {main}

[previous exception] [object] (PDOException(code: 22007): SQLSTATE[22007]: Invalid datetime format: 1292 Incorrect date value: '
' for column 'departuredate' at row 6 at /mnt/c/laragon/www/turiscabos/vendor/laravel/framework/src/Illuminate/Database/Connection.php:485)
[stacktrace]
#0 /mnt/c/laragon/www/turiscabos/vendor/laravel/framework/src/Illuminate/Database/Connection.php(485): PDOStatement->execute()
#1 /mnt/c/laragon/www/turiscabos/vendor/laravel/framework/src/Illuminate/Database/Connection.php(685): Illuminate\\Database\\Connection->Illuminate\\Database\\{closure}()
#2 /mnt/c/laragon/www/turiscabos/vendor/laravel/framework/src/Illuminate/Database/Connection.php(652): Illuminate\\Database\\Connection->runQueryCallback()
#3 /mnt/c/laragon/www/turiscabos/vendor/laravel/framework/src/Illuminate/Database/Connection.php(486): Illuminate\\Database\\Connection->run()
#4 /mnt/c/laragon/www/turiscabos/vendor/laravel/framework/src/Illuminate/Database/Schema/Blueprint.php(109): Illuminate\\Database\\Connection->statement()
#5 /mnt/c/laragon/www/turiscabos/vendor/laravel/framework/src/Illuminate/Database/Schema/Builder.php(365): Illuminate\\Database\\Schema\\Blueprint->build()
#6 /mnt/c/laragon/www/turiscabos/vendor/laravel/framework/src/Illuminate/Database/Schema/Builder.php(212): Illuminate\\Database\\Schema\\Builder->build()
#7 /mnt/c/laragon/www/turiscabos/vendor/laravel/framework/src/Illuminate/Support/Facades/Facade.php(261): Illuminate\\Database\\Schema\\Builder->table()
#8 /mnt/c/laragon/www/turiscabos/database/migrations/2021_08_22_005228_add_columns_to_reservations_table.php(21): Illuminate\\Support\\Facades\\Facade::__callStatic()
#9 /mnt/c/laragon/www/turiscabos/vendor/laravel/framework/src/Illuminate/Database/Migrations/Migrator.php(394): AddColumnsToReservationsTable->up()
#10 /mnt/c/laragon/www/turiscabos/vendor/laravel/framework/src/Illuminate/Database/Migrations/Migrator.php(403): Illuminate\\Database\\Migrations\\Migrator->Illuminate\\Database\\Migrations\\{closure}()
#11 /mnt/c/laragon/www/turiscabos/vendor/laravel/framework/src/Illuminate/Database/Migrations/Migrator.php(202): Illuminate\\Database\\Migrations\\Migrator->runMigration()
#12 /mnt/c/laragon/www/turiscabos/vendor/laravel/framework/src/Illuminate/Database/Migrations/Migrator.php(167): Illuminate\\Database\\Migrations\\Migrator->runUp()
#13 /mnt/c/laragon/www/turiscabos/vendor/laravel/framework/src/Illuminate/Database/Migrations/Migrator.php(112): Illuminate\\Database\\Migrations\\Migrator->runPending()
#14 /mnt/c/laragon/www/turiscabos/vendor/laravel/framework/src/Illuminate/Database/Console/Migrations/MigrateCommand.php(85): Illuminate\\Database\\Migrations\\Migrator->run()
#15 /mnt/c/laragon/www/turiscabos/vendor/laravel/framework/src/Illuminate/Database/Migrations/Migrator.php(585): Illuminate\\Database\\Console\\Migrations\\MigrateCommand->Illuminate\\Database\\Console\\Migrations\\{closure}()
#16 /mnt/c/laragon/www/turiscabos/vendor/laravel/framework/src/Illuminate/Database/Console/Migrations/MigrateCommand.php(94): Illuminate\\Database\\Migrations\\Migrator->usingConnection()
#17 /mnt/c/laragon/www/turiscabos/vendor/laravel/framework/src/Illuminate/Container/BoundMethod.php(36): Illuminate\\Database\\Console\\Migrations\\MigrateCommand->handle()
#18 /mnt/c/laragon/www/turiscabos/vendor/laravel/framework/src/Illuminate/Container/Util.php(40): Illuminate\\Container\\BoundMethod::Illuminate\\Container\\{closure}()
#19 /mnt/c/laragon/www/turiscabos/vendor/laravel/framework/src/Illuminate/Container/BoundMethod.php(93): Illuminate\\Container\\Util::unwrapIfClosure()
#20 /mnt/c/laragon/www/turiscabos/vendor/laravel/framework/src/Illuminate/Container/BoundMethod.php(37): Illuminate\\Container\\BoundMethod::callBoundMethod()
#21 /mnt/c/laragon/www/turiscabos/vendor/laravel/framework/src/Illuminate/Container/Container.php(651): Illuminate\\Container\\BoundMethod::call()
#22 /mnt/c/laragon/www/turiscabos/vendor/laravel/framework/src/Illuminate/Console/Command.php(136): Illuminate\\Container\\Container->call()
#23 /mnt/c/laragon/www/turiscabos/vendor/symfony/console/Command/Command.php(299): Illuminate\\Console\\Command->execute()
#24 /mnt/c/laragon/www/turiscabos/vendor/laravel/framework/src/Illuminate/Console/Command.php(121): Symfony\\Component\\Console\\Command\\Command->run()
#25 /mnt/c/laragon/www/turiscabos/vendor/symfony/console/Application.php(978): Illuminate\\Console\\Command->run()
#26 /mnt/c/laragon/www/turiscabos/vendor/symfony/console/Application.php(295): Symfony\\Component\\Console\\Application->doRunCommand()
#27 /mnt/c/laragon/www/turiscabos/vendor/symfony/console/Application.php(167): Symfony\\Component\\Console\\Application->doRun()
#28 /mnt/c/laragon/www/turiscabos/vendor/laravel/framework/src/Illuminate/Console/Application.php(92): Symfony\\Component\\Console\\Application->run()
#29 /mnt/c/laragon/www/turiscabos/vendor/laravel/framework/src/Illuminate/Foundation/Console/Kernel.php(129): Illuminate\\Console\\Application->run()
#30 /mnt/c/laragon/www/turiscabos/artisan(37): Illuminate\\Foundation\\Console\\Kernel->handle()
#31 {main}
"} 
